{
  "stats": {
    "suites": 1,
    "tests": 1,
    "passes": 1,
    "pending": 0,
    "failures": 0,
    "start": "2025-09-04T15:32:51.488Z",
    "end": "2025-09-04T15:33:14.816Z",
    "duration": 23328,
    "testsRegistered": 1,
    "passPercent": 100,
    "pendingPercent": 0,
    "other": 0,
    "hasOther": false,
    "skipped": 0,
    "hasSkipped": false
  },
  "results": [
    {
      "uuid": "5977a4f3-e590-4557-af91-13a84abbb9fa",
      "title": "",
      "fullFile": "cypress/e2e/amazon/login.cy.ts",
      "file": "cypress/e2e/amazon/login.cy.ts",
      "beforeHooks": [],
      "afterHooks": [],
      "tests": [],
      "suites": [
        {
          "uuid": "7012eeb4-5c9d-4e09-8e78-f25417693dad",
          "title": "Amazon Login",
          "fullFile": "",
          "file": "",
          "beforeHooks": [],
          "afterHooks": [],
          "tests": [
            {
              "title": "Should block access when invalid Amazon account credentials are used",
              "fullTitle": "Amazon Login Should block access when invalid Amazon account credentials are used",
              "timedOut": null,
              "duration": 6684,
              "state": "passed",
              "speed": "medium",
              "pass": true,
              "fail": false,
              "pending": false,
              "context": "[\n  {\n    \"title\": \"cypress-mochawesome-reporter-videos-passed\",\n    \"value\": \"cypress/e2e/amazon/login.cy.ts\"\n  },\n  {\n    \"title\": \"cypress-mochawesome-reporter-screenshots\",\n    \"value\": [\n      [\n        \"/login.cy.ts/Amazon Login -- Should block access when invalid Amazon account credentials are used (failed).png\"\n      ],\n      []\n    ]\n  }\n]",
              "code": "cy.fixture('amazon/login').then((login) => {\n    // Ensure we are on the home page by checking the logo\n    generalPage.clickOnElement(homePage.homePageLogo);\n    // Click on the hamburger menu\n    generalPage.clickOnElement(homePage.hamburgerMenu);\n    // Click on the Sign In option\n    generalPage.clickOnElement(loginPage.id);\n    // Ensure the sign-in modal is visible\n    generalPage.isElementExist(loginPage.signInModal, true);\n    // Enter email\n    generalPage.setInput(loginPage.inputId, login.amazonUser.email);\n    // Click Continue\n    generalPage.clickOnElement(loginPage.continueId, false);\n    // Enter password\n    generalPage.setInput(loginPage.passwordId, login.amazonUser.password);\n    // Click Sign In\n    generalPage.clickOnElement(loginPage.signInId, false);\n    // Verify that login was not successful by checking for the presence of the I'm not a robot checkbox\n    generalPage.isElementExist(loginPage.imNotARobot, true);\n});",
              "err": {},
              "uuid": "b6229e4e-62c7-4369-b427-9ecff9276ef6",
              "parentUUID": "7012eeb4-5c9d-4e09-8e78-f25417693dad",
              "isHook": false,
              "skipped": false
            }
          ],
          "suites": [],
          "passes": [
            "b6229e4e-62c7-4369-b427-9ecff9276ef6"
          ],
          "failures": [],
          "pending": [],
          "skipped": [],
          "duration": 6684,
          "root": false,
          "rootEmpty": false,
          "_timeout": 2000
        }
      ],
      "passes": [],
      "failures": [],
      "pending": [],
      "skipped": [],
      "duration": 0,
      "root": true,
      "rootEmpty": true,
      "_timeout": 2000
    }
  ],
  "meta": {
    "mocha": {
      "version": "7.2.0"
    },
    "mochawesome": {
      "options": {
        "quiet": false,
        "reportFilename": "mochawesome",
        "saveHtml": false,
        "saveJson": true,
        "consoleReporter": "spec",
        "useInlineDiffs": false,
        "code": true
      },
      "version": "7.1.3"
    },
    "marge": {
      "options": {
        "reportDir": "cypress/reports",
        "json": true,
        "html": false,
        "embeddedScreenshots": true
      },
      "version": "6.2.0"
    }
  }
}